<?xml version="1.0" encoding="UTF-8"?>
<!-- Generated by org.testng.reporters.JUnitReportReporter -->
<testsuite hostname="Sanjay_Rafayal" failures="0" tests="1" name="com.fleapo.tests.LoginTest" time="40.334" errors="0" timestamp="2024-07-10T18:58:47 IST" skipped="0">
  <testcase classname="com.fleapo.tests.LoginTest" name="test_Valid_Successfull_Login" time="40.334"/>
  <system-out/>
</testsuite> <!-- com.fleapo.tests.LoginTest -->
