<?xml version="1.0" encoding="UTF-8"?>
<!-- Generated by org.testng.reporters.JUnitReportReporter -->
<testsuite hostname="Sanjay_Rafayal" failures="0" tests="1" name="com.fleapo.base.BaseTest" time="16.879" errors="0" timestamp="2024-07-10T15:59:01 IST" skipped="0">
  <testcase classname="com.fleapo.base.BaseTest" name="print" time="16.879"/>
  <system-out/>
</testsuite> <!-- com.fleapo.base.BaseTest -->
